<?xml version="1.0" encoding="UTF-8"?>
<definitions id="alipay-forex" version="1.0.0"
             xmlns="http://www.omg.org/spec/BPMN/20100524/MODEL"
             xmlns:smart="http://smart.alibaba-inc.com/schema/process"
             targetNamespace="Examples">

    <process id="scm-cross-docking" isExecutable="true">

        <startEvent id="theStart"></startEvent>

        <sequenceFlow id="flow1" sourceRef="theStart" targetRef="createOrders"></sequenceFlow>

        <smart:transactionTask meta-group="smart-engine-transaction-group" meta-topic="smart-engine-transaction" mode="metaq" id="createOrders" errorStrategy="empty">

            <smart:singleTask id="saveOrder" errorStrategy="rollback"
                                 bean="mockSaveOrderAction"></smart:singleTask>
            <smart:singleTask id="createOrder" errorStrategy="rollback"
                                 bean="mockCreateOrderAction"></smart:singleTask>

        </smart:transactionTask>

        <sequenceFlow id="flow2" sourceRef="createOrders" targetRef="end"></sequenceFlow>

        <endEvent id="end" name="End"></endEvent>
    </process>

</definitions>