<?xml version="1.0" encoding="UTF-8"?>
<definitions id="test-parallel" version="1.0.0"
             xmlns="http://www.omg.org/spec/BPMN/20100524/MODEL"
             xmlns:smart="http://smart.alibaba-inc.com/schema/process"
             targetNamespace="Examples">

	<process id="2001">

		<startEvent id="theStart">

		</startEvent>

		<sequenceFlow id="flow1" sourceRef="theStart" targetRef="forkGw"/>

		<parallelGateway id="forkGw" name="Fork Gateway"/>

		<sequenceFlow id="flow2" sourceRef="forkGw" targetRef="theTask1">
		</sequenceFlow>

		<sequenceFlow id="flow3" sourceRef="forkGw" targetRef="theTask2">
		</sequenceFlow>

		<serviceTask id="theTask1" name="Task 1" auto="true">
            <action type="spring" id="createOrder" method="create" />
		</serviceTask>

		<sequenceFlow id="flow4" sourceRef="theTask1" targetRef="theTask3"/>

		<serviceTask id="theTask2" name="Task 2">
		</serviceTask>

		<sequenceFlow id="flow5" sourceRef="theTask2" targetRef="theTask4"/>

		<serviceTask id="theTask3" name="Task 3">
		</serviceTask>

		<sequenceFlow id="flow6" sourceRef="theTask3" targetRef="joinGw">

		</sequenceFlow>

		<serviceTask id="theTask4" name="Task 4">

		</serviceTask>

		<sequenceFlow id="flow7" sourceRef="theTask4" targetRef="joinGw">

		</sequenceFlow>

		<parallelGateway id="joinGw" name="Join Gateway">

		</parallelGateway>

		<sequenceFlow id="flow8" sourceRef="joinGw" targetRef="theTask5">

		</sequenceFlow>

		<serviceTask id="theTask5" name="Task 5">

		</serviceTask>

		<sequenceFlow id="flow9" sourceRef="theTask5" targetRef="theEnd"/>

		<endEvent id="theEnd"/>

	</process>

</definitions>
