<?xml version="1.0" encoding="UTF-8"?>
<definitions id="test-exclusive-my" version="1.0.0"
             xmlns="http://www.omg.org/spec/BPMN/20100524/MODEL"
             xmlns:xsi="http://www.w3.org/2001/XMLSchema-instance"
             xmlns:smart="http://smart.alibaba-inc.com/schema/process"
             targetNamespace="Examples">

	<process id="exclusiveGateway">

		<startEvent id="theStart">
			<smart:script type="groovy">start();</smart:script>
		</startEvent>

		<sequenceFlow id="flow1" sourceRef="theStart" targetRef="exclusiveGw">
			<smart:script type="groovy">stop(theStart);start(exclusiveGw);</smart:script>
		</sequenceFlow>

		<exclusiveGateway id="exclusiveGw" name="exclusiveGw Name"/>

		<sequenceFlow id="flow2" sourceRef="exclusiveGw" targetRef="theTask1">
			<conditionExpression xsi:type="mvel">${input == 1}</conditionExpression>
			<smart:script type="groovy">stop(exclusiveGw);start(theTask1);</smart:script>
		</sequenceFlow>

		<sequenceFlow id="flow3" sourceRef="exclusiveGw" targetRef="theTask2">
			<conditionExpression xsi:type="mvel">${input == 2}</conditionExpression>
		</sequenceFlow>

		<sequenceFlow id="flow4" sourceRef="exclusiveGw" targetRef="theTask3">
			<conditionExpression xsi:type="mvel">${input == 3}</conditionExpression>
		</sequenceFlow>

		<serviceTask id="theTask1" name="Send e-mail for more information">
			<smart:script type="groovy">run(theTask1);</smart:script>
		</serviceTask>

		<sequenceFlow id="flow5" sourceRef="theTask1" targetRef="theEnd"/>

		<serviceTask id="theTask2" name="Check account balance"/>

		<sequenceFlow id="flow6" sourceRef="theTask2" targetRef="theEnd"/>

		<serviceTask id="theTask3" name="Call customer"/>

		<sequenceFlow id="flow7" sourceRef="theTask3" targetRef="theEnd"/>

		<endEvent id="theEnd"/>

	</process>

</definitions>
