<?xml version="1.0" encoding="UTF-8"?>
<definitions id="test-parallel" version="1.0.0"
             xmlns="http://www.omg.org/spec/BPMN/20100524/MODEL"
             targetNamespace="Examples">

    <process id="2001">

        <startEvent id="theStart">

        </startEvent>

        <sequenceFlow id="flow1" sourceRef="theStart" targetRef="forkGw"/>

        <parallelGateway id="forkGw" name="Fork Gateway"/>

        <sequenceFlow id="flow2" sourceRef="forkGw" targetRef="theTask1" />


        <sequenceFlow id="flow3" sourceRef="forkGw" targetRef="theTask2" />


        <serviceTask id="theTask1" name="Task 1" />

        <serviceTask id="theTask2" name="Task 2">
            <action type="spring" id="createOrder" bean="createOrder" method="create" />
        </serviceTask>

        <sequenceFlow id="flow5" sourceRef="theTask2" targetRef="joinGw"/>



        <sequenceFlow id="flow4" sourceRef="theTask1" targetRef="joinGw" />


        <parallelGateway id="joinGw" name="Join Gateway" />



        <sequenceFlow id="flow6" sourceRef="joinGw" targetRef="theTask5" />


        <serviceTask id="theTask5" name="Task 5">

        </serviceTask>

        <sequenceFlow id="flow9" sourceRef="theTask5" targetRef="theEnd"/>

        <endEvent id="theEnd"/>

    </process>

</definitions>
