<?xml version="1.0" encoding="UTF-8"?>
<definitions id="test-exclusive" version="1.0.0"
             xmlns="http://www.omg.org/spec/BPMN/20100524/MODEL"
             xmlns:smart="http://smart.alibaba-inc.com/schema/process"
             xmlns:xsi="http://www.w3.org/2001/XMLSchema-instance" targetNamespace="Examples">

    <process id="exclusiveTest">

        <startEvent id="theStart">
            <!--
            <extensionElements>
                <smart:executionListener
                        class="com.alibaba.tradeplatform.executionlistener.ProcessStartedEventListener" event="create"/>
            </extensionElements>
            -->
        </startEvent>

        <sequenceFlow id="flow1" sourceRef="theStart" targetRef="exclusiveGw1"/>

        <exclusiveGateway id="exclusiveGw1" name="Exclusive Gateway 1"/>

        <sequenceFlow id="flow2" sourceRef="exclusiveGw1"
                      targetRef="theTask1">
            <conditionExpression xsi:type="mvel">input == 7
            </conditionExpression>
        </sequenceFlow>

        <sequenceFlow id="flow3" sourceRef="exclusiveGw1"
                      targetRef="theTask2">
            <conditionExpression xsi:type="mvel">input == 3
            </conditionExpression>
        </sequenceFlow>

        <sequenceFlow id="flow4" sourceRef="exclusiveGw1"
                      targetRef="theTask3">
            <conditionExpression xsi:type="mvel">input == 4
            </conditionExpression>
        </sequenceFlow>

        <receiveTask id="theTask1" name="Task1"
                     smart:class="com.alibaba.smart.framework.engine.modules.bpmn.ServiceTaskDelegation">
        </receiveTask>

        <sequenceFlow id="flow5" sourceRef="theTask1" targetRef="pauseTask"/>

        <receiveTask id="theTask2" name="Task2"
                     smart:class="com.alibaba.smart.framework.engine.modules.bpmn.ServiceTaskDelegation">
        </receiveTask>

        <sequenceFlow id="flow6" sourceRef="theTask2" targetRef="pauseTask"/>

        <receiveTask id="theTask3" name="Task3"
                     smart:class="com.alibaba.smart.framework.engine.modules.bpmn.ServiceTaskDelegation">
        </receiveTask>

        <sequenceFlow id="flow7" sourceRef="theTask3" targetRef="pauseTask"/>

        <receiveTask id="pauseTask" name="Pause Task"
                     smart:class="com.alibaba.smart.framework.engine.modules.bpmn.ServiceTaskDelegation">
        </receiveTask>

        <sequenceFlow id="flow8" sourceRef="pauseTask"
                      targetRef="exclusiveGw2"/>

        <exclusiveGateway id="exclusiveGw2" name="Exclusive Gateway 2"/>

        <sequenceFlow id="flow9" sourceRef="exclusiveGw2"
                      targetRef="theTask4">
            <conditionExpression type="mvel">input == 11
            </conditionExpression>
        </sequenceFlow>

        <sequenceFlow id="flow10" sourceRef="exclusiveGw2"
                      targetRef="theTask5">
            <conditionExpression type="mvel">input == 5
            </conditionExpression>
        </sequenceFlow>

        <sequenceFlow id="flow11" sourceRef="exclusiveGw2"
                      targetRef="theTask6">
            <conditionExpression type="mvel">input == 6
            </conditionExpression>
        </sequenceFlow>

        <serviceTask id="theTask4" name="Task 4"
                     smart:class="com.alibaba.smart.framework.engine.modules.bpmn.ServiceTaskDelegation">
        </serviceTask>

        <sequenceFlow id="flow12" sourceRef="theTask4" targetRef="theEnd"/>

        <serviceTask id="theTask5" name="Task 5"
                     smart:class="com.alibaba.smart.framework.engine.modules.bpmn.ServiceTaskDelegation">
        </serviceTask>

        <sequenceFlow id="flow13" sourceRef="theTask5" targetRef="theEnd"/>

        <serviceTask id="theTask6" name="Task 6"
                     smart:class="com.alibaba.smart.framework.engine.modules.bpmn.ServiceTaskDelegation">
        </serviceTask>

        <sequenceFlow id="flow14" sourceRef="theTask6" targetRef="theEnd"/>

        <endEvent id="theEnd"/>

    </process>

</definitions>