<?xml version="1.0" encoding="UTF-8"?>
<definitions id="test-exclusive" version="1.0.0"
             xmlns="http://www.omg.org/spec/BPMN/20100524/MODEL"
             xmlns:smart="http://smart.alibaba-inc.com/schema/process"
             targetNamespace="Examples">


    <process id="exclusiveTest">

        <startEvent id="theStart">
        </startEvent>

        <sequenceFlow id="flow1" sourceRef="theStart" targetRef="theTask1"/>

        <serviceTask id="theTask1" name="Task-1" smart:class="com.alibaba.smart.framework.engine.modules.bpmn.ArrayListServiceTaskDelegation">
        </serviceTask>

        <sequenceFlow id="flow2" sourceRef="theTask1" targetRef="theEnd"/>

        <endEvent id="theEnd"/>

    </process>

</definitions>